<?xml version="1.0" encoding="UTF-8"?>
<!-- Generated by org.testng.reporters.JUnitXMLReporter -->
<testsuite hostname="Lenovo-PC" ignored="0" name="Test" tests="2" failures="2" timestamp="08 Jul 2019 07:30:12 GMT" time="0.112" errors="0">
  <testcase name="executeLaunch" time="0.0" classname="com.Module.Launch">
    <failure type="org.testng.TestNGException" message="
Cannot inject @Test annotated Method [executeLaunch] with [class java.lang.String, class java.lang.String, int].
For more information on native dependency injection please refer to http://testng.org/doc/documentation-main.html#native-dependency-injection">
      <![CDATA[org.testng.TestNGException: 
Cannot inject @Test annotated Method [executeLaunch] with [class java.lang.String, class java.lang.String, int].
For more information on native dependency injection please refer to http://testng.org/doc/documentation-main.html#native-dependency-injection
... Removed 24 stack frames]]>
    </failure>
  </testcase> <!-- executeLaunch -->
  <testcase name="executeLogin" time="0.047" classname="com.Module.Login">
    <failure type="java.lang.NullPointerException">
      <![CDATA[java.lang.NullPointerException
at org.openqa.selenium.support.pagefactory.DefaultElementLocator.findElement(DefaultElementLocator.java:69)
at org.openqa.selenium.support.pagefactory.internal.LocatingElementHandler.invoke(LocatingElementHandler.java:38)
at com.sun.proxy.$Proxy8.sendKeys(Unknown Source)
at com.Pages.LoginPage.enterUsername(LoginPage.java:33)
at com.Module.Login.executeLogin(Login.java:18)
... Removed 25 stack frames]]>
    </failure>
  </testcase> <!-- executeLogin -->
</testsuite> <!-- Test -->
